samples/MatrixScanSimpleSample/build/intermediates/manifest_merge_blame_file/debug/manifest-merger-blame-debug-report.txt
1<?xml version="1.0" encoding="utf-8"?>
2<manifest xmlns:android="http://schemas.android.com/apk/res/android"
3    package="com.scandit.datacapture.matrixscansimplesample"
4    android:versionCode="1"
5    android:versionName="1.0" >
6
7    <uses-sdk
8        android:minSdkVersion="24"
8-->src/main/AndroidManifest.xml
9        android:targetSdkVersion="31" />
9-->src/main/AndroidManifest.xml
10
11    <uses-permission android:name="android.permission.INTERNET" />
11-->src/main/AndroidManifest.xml:5:5-66
11-->src/main/AndroidManifest.xml:5:22-64
12    <uses-permission android:name="android.permission.CAMERA" />
12-->src/main/AndroidManifest.xml:6:5-64
12-->src/main/AndroidManifest.xml:6:22-62
13    <!--
14         Limits app visibility in the Google Play Store to ARCore supported devices
15         (https://developers.google.com/ar/devices).
16    -->
17    <uses-feature
17-->src/main/AndroidManifest.xml:9:5-86
18        android:name="android.hardware.camera.ar"
18-->src/main/AndroidManifest.xml:9:19-60
19        android:required="true" />
19-->src/main/AndroidManifest.xml:9:61-84
20    <uses-feature
20-->src/main/AndroidManifest.xml:10:5-78
21        android:glEsVersion="0x00020000"
21-->src/main/AndroidManifest.xml:10:19-51
22        android:required="true" />
22-->src/main/AndroidManifest.xml:10:52-75
23
24    <uses-permission android:name="android.permission.ACCESS_NETWORK_STATE" />
24-->[:ScanditCaptureCore:] AndroidManifest.xml:11:5-79
24-->[:ScanditCaptureCore:] AndroidManifest.xml:11:22-76
25    <uses-permission android:name="android.permission.VIBRATE" />
25-->[:ScanditCaptureCore:] AndroidManifest.xml:14:5-66
25-->[:ScanditCaptureCore:] AndroidManifest.xml:14:22-63
26
27    <queries>
27-->[com.google.ar:core:1.28.0] AndroidManifest.xml:29:5-31:15
28        <package android:name="com.google.ar.core" />
28-->[com.google.ar:core:1.28.0] AndroidManifest.xml:30:9-54
28-->[com.google.ar:core:1.28.0] AndroidManifest.xml:30:18-51
29    </queries>
30
31    <application
31-->src/main/AndroidManifest.xml:12:5-33:19
32        android:allowBackup="true"
32-->src/main/AndroidManifest.xml:13:9-35
33        android:appComponentFactory="androidx.core.app.CoreComponentFactory"
33-->[androidx.core:core:1.1.0] AndroidManifest.xml:24:18-86
34        android:debuggable="true"
35        android:extractNativeLibs="false"
36        android:icon="@mipmap/ic_launcher"
36-->src/main/AndroidManifest.xml:14:9-43
37        android:label="@string/app_name"
37-->src/main/AndroidManifest.xml:15:9-41
38        android:supportsRtl="true"
38-->src/main/AndroidManifest.xml:16:9-35
39        android:theme="@style/AppTheme" >
39-->src/main/AndroidManifest.xml:17:9-40
40        <activity
40-->src/main/AndroidManifest.xml:19:9-28:20
41            android:name="com.scandit.datacapture.matrixscansimplesample.MatrixScanActivity"
41-->src/main/AndroidManifest.xml:20:13-47
42            android:label="@string/app_title"
42-->src/main/AndroidManifest.xml:22:13-46
43            android:screenOrientation="sensor" >
43-->src/main/AndroidManifest.xml:21:13-47
44            <intent-filter>
44-->src/main/AndroidManifest.xml:23:13-27:29
45                <action android:name="android.intent.action.MAIN" />
45-->src/main/AndroidManifest.xml:24:17-68
45-->src/main/AndroidManifest.xml:24:25-66
46
47                <category android:name="android.intent.category.LAUNCHER" />
47-->src/main/AndroidManifest.xml:26:17-76
47-->src/main/AndroidManifest.xml:26:27-74
48            </intent-filter>
49        </activity>
50        <activity
50-->src/main/AndroidManifest.xml:29:9-30:57
51            android:name="com.scandit.datacapture.matrixscansimplesample.ResultsActivity"
51-->src/main/AndroidManifest.xml:29:19-50
52            android:label="@string/scan_results" />
52-->src/main/AndroidManifest.xml:30:19-55
53
54        <meta-data
54-->src/main/AndroidManifest.xml:31:9-81
55            android:name="com.google.ar.core"
55-->src/main/AndroidManifest.xml:31:20-53
56            android:value="required" />
56-->src/main/AndroidManifest.xml:31:54-78
57
58        <provider
58-->[:ScanditCaptureCore:] AndroidManifest.xml:19:9-22:40
59            android:name="com.scandit.datacapture.core.internal.sdk.init.CoreLibraryLoaderContentProvider"
59-->[:ScanditCaptureCore:] AndroidManifest.xml:20:13-107
60            android:authorities="com.scandit.datacapture.matrixscansimplesample.corelibraryloadercontentprovider"
60-->[:ScanditCaptureCore:] AndroidManifest.xml:21:13-84
61            android:exported="false" />
61-->[:ScanditCaptureCore:] AndroidManifest.xml:22:13-37
62        <provider
62-->[:ScanditBarcodeCapture:] AndroidManifest.xml:17:9-20:40
63            android:name="com.scandit.datacapture.barcode.internal.sdk.init.BarcodeLibraryLoaderContentProvider"
63-->[:ScanditBarcodeCapture:] AndroidManifest.xml:18:13-113
64            android:authorities="com.scandit.datacapture.matrixscansimplesample.barcodelibraryloadercontentprovider"
64-->[:ScanditBarcodeCapture:] AndroidManifest.xml:19:13-87
65            android:exported="false" /> <!-- The minimal version code of ARCore APK required for an app using this SDK. -->
65-->[:ScanditBarcodeCapture:] AndroidManifest.xml:20:13-37
66        <meta-data
66-->[com.google.ar:core:1.28.0] AndroidManifest.xml:36:9-38:41
67            android:name="com.google.ar.core.min_apk_version"
67-->[com.google.ar:core:1.28.0] AndroidManifest.xml:37:13-62
68            android:value="212430000" /> <!-- This activity is critical for installing ARCore when it is not already present. -->
68-->[com.google.ar:core:1.28.0] AndroidManifest.xml:38:13-38
69        <activity
69-->[com.google.ar:core:1.28.0] AndroidManifest.xml:40:9-46:80
70            android:name="com.google.ar.core.InstallActivity"
70-->[com.google.ar:core:1.28.0] AndroidManifest.xml:41:13-62
71            android:configChanges="keyboardHidden|orientation|screenSize"
71-->[com.google.ar:core:1.28.0] AndroidManifest.xml:42:13-74
72            android:excludeFromRecents="true"
72-->[com.google.ar:core:1.28.0] AndroidManifest.xml:43:13-46
73            android:exported="false"
73-->[com.google.ar:core:1.28.0] AndroidManifest.xml:44:13-37
74            android:launchMode="singleTop"
74-->[com.google.ar:core:1.28.0] AndroidManifest.xml:45:13-43
75            android:theme="@android:style/Theme.Material.Light.Dialog.Alert" />
75-->[com.google.ar:core:1.28.0] AndroidManifest.xml:46:13-77
76    </application>
77
78</manifest>